make all --print-data-base --no-builtin-variables --no-builtin-rules --question
# GNU Make 3.81
# Copyright (C) 2006  Free Software Foundation, Inc.
# This is free software; see the source for copying conditions.
# There is NO warranty; not even for MERCHANTABILITY or FITNESS FOR A
# PARTICULAR PURPOSE.

# This program built for i386-apple-darwin11.3.0
 

# Make data base, printed on Thu Jun 30 12:00:31 2022

# Variables

# automatic
<D = $(patsubst %/,%,$(dir $<))
# automatic
?F = $(notdir $?)
# environment
VSCODE_LOG_NATIVE = false
# automatic
?D = $(patsubst %/,%,$(dir $?))
# automatic
@D = $(patsubst %/,%,$(dir $@))
# automatic
@F = $(notdir $@)
# makefile
CURDIR := /Users/pbroadhurst/dev/firefly/firefly-evmconnect
# makefile
SHELL = /bin/sh
# environment
VSCODE_NLS_CONFIG = {"locale":"en-us","availableLanguages":{},"_languagePackSupport":true}
# environment
_ = /usr/bin/make
# makefile (from `Makefile', line 1)
MAKEFILE_LIST :=  Makefile
# environment
VSCODE_AMD_ENTRYPOINT = vs/workbench/api/node/extensionHostProcess
# environment
VSCODE_VERBOSE_LOGGING = true
# environment
__CFBundleIdentifier = com.microsoft.VSCode
# environment
INFOPATH = /opt/homebrew/share/info:
# environment
VSCODE_IPC_HOOK_EXTHOST = /var/folders/tb/b88h058x6675g5g_dkgsy8jm0000gn/T/vscode-ipc-45427221-2991-40c7-b77b-2ebd0981ac62.sock
# environment
VSCODE_CWD = /
# environment
GOPROXY = https://proxy.golang.org,direct
# environment
PATH = /usr/local/go/bin:/opt/homebrew/opt/ruby/bin:/opt/homebrew/opt/gnupg@2.3/bin:/opt/homebrew/bin:/opt/homebrew/sbin:/usr/local/bin:/usr/bin:/bin:/usr/sbin:/sbin:/Users/pbroadhurst/go/bin
# makefile (from `Makefile', line 8)
CGO_ENABLED = 0
# environment
LSCOLORS = Gxfxcxdxbxegedabagacad
# makefile (from `Makefile', line 4)
LINT := /Users/pbroadhurst/go/bin/golangci-lint
# makefile (from `Makefile', line 5)
MOCKERY := /Users/pbroadhurst/go/bin/mockery
# environment
GOPATH = /Users/pbroadhurst/go
# environment
LaunchInstanceID = CE51ADA8-252F-4D64-AAAD-60D4189A855D
# environment
VSCODE_LOG_STACK = false
# environment
ELECTRON_RUN_AS_NODE = 1
# default
.FEATURES := target-specific order-only second-expansion else-if archives jobserver check-symlink
# environment
SSH_AUTH_SOCK = /Users/pbroadhurst/.gnupg/S.gpg-agent.ssh
# automatic
%F = $(notdir $%)
# makefile (from `Makefile', line 3)
GOBIN := /Users/pbroadhurst/go/bin
# environment
VSCODE_PIPE_LOGGING = true
# environment
PWD = /Users/pbroadhurst/dev/firefly/firefly-evmconnect
# environment
HOMEBREW_CELLAR = /opt/homebrew/Cellar
# environment
ORIGINAL_XDG_CURRENT_DESKTOP = undefined
# environment
MANPATH = /opt/homebrew/share/man::
# environment
GOMODCACHE = /Users/pbroadhurst/go/pkg/mod
# environment
HOME = /Users/pbroadhurst
# default
MAKEFILEPATH = $(shell /usr/bin/xcode-select -print-path 2>/dev/null || echo /Developer)/Makefiles
# makefile (from `Makefile', line 9)
GOGC = 30
# environment
VSCODE_CODE_CACHE_PATH = /Users/pbroadhurst/Library/Application Support/Code/CachedData/4af164ea3a06f701fe3e89a2bcbb421d2026b68f
# environment
LOGNAME = pbroadhurst
# environment
APPLICATION_INSIGHTS_NO_DIAGNOSTIC_CHANNEL = 1
# environment
ZSH = /Users/pbroadhurst/.oh-my-zsh
# makefile (from `Makefile', line 27)
define makemock
mocks: mocks-$(strip $(1))-$(strip $(2))
mocks-$(strip $(1))-$(strip $(2)): ${MOCKERY}
	${MOCKERY} --case underscore --dir $(1) --name $(2) --outpkg $(3) --output mocks/$(strip $(3))
endef
# environment
VSCODE_HANDLES_UNCAUGHT_ERRORS = true
# automatic
^D = $(patsubst %/,%,$(dir $^))
# environment
XPC_FLAGS = 0x0
# default
MAKE = $(MAKE_COMMAND)
# default
MAKECMDGOALS := all
# environment
SHLVL = 1
# default
MAKE_VERSION := 3.81
# environment
USER = pbroadhurst
# makefile
.DEFAULT_GOAL := all
# environment
GOROOT = /usr/local/go
# environment
LESS = -R
# automatic
%D = $(patsubst %/,%,$(dir $%))
# default
MAKE_COMMAND := /Library/Developer/CommandLineTools/usr/bin/make
# default
.VARIABLES := 
# environment
TMPDIR = /var/folders/tb/b88h058x6675g5g_dkgsy8jm0000gn/T/
# automatic
*F = $(notdir $*)
# environment
VSCODE_IPC_HOOK = /Users/pbroadhurst/Library/Application Support/Code/1.68.0-main.sock
# makefile
MAKEFLAGS = Rrqp
# environment
MFLAGS = -Rrqp
# automatic
*D = $(patsubst %/,%,$(dir $*))
# environment
XPC_SERVICE_NAME = application.com.microsoft.VSCode.22333126.22333132
# environment
HOMEBREW_PREFIX = /opt/homebrew
# automatic
+D = $(patsubst %/,%,$(dir $+))
# automatic
+F = $(notdir $+)
# environment
HOMEBREW_REPOSITORY = /opt/homebrew
# environment
__CF_USER_TEXT_ENCODING = 0x1F5:0x0:0x0
# environment
COMMAND_MODE = unix2003
# default
MAKEFILES := 
# automatic
<F = $(notdir $<)
# makefile (from `Makefile', line 1)
VGO = go
# environment
PAGER = less
# environment
LC_ALL = C
# environment
SECURITYSESSIONID = 186b1
# automatic
^F = $(notdir $^)
# default
SUFFIXES := 
# default
.INCLUDE_DIRS = /usr/local/include
# makefile (from `Makefile', line 2)
GOFILES := cmd/config.go cmd/version.go cmd/evmconnect.go cmd/config_docs_generate_test.go cmd/evmconnect_test.go cmd/version_test.go cmd/config_test.go cmd/config_docs_test.go internal/jsonrpc/rpc.go internal/msgs/en_error_messges.go internal/msgs/en_config_descriptions.go internal/ethereum/get_next_nonce_test.go internal/ethereum/error_mapping.go internal/ethereum/config.go internal/ethereum/get_gas_price_test.go internal/ethereum/get_receipt.go internal/ethereum/estimate_gas.go internal/ethereum/get_next_nonce.go internal/ethereum/get_block_info_test.go internal/ethereum/send_transaction_test.go internal/ethereum/get_receipt_test.go internal/ethereum/events.go internal/ethereum/get_block_info.go internal/ethereum/prepare_transaction_test.go internal/ethereum/get_gas_price.go internal/ethereum/exec_query_test.go internal/ethereum/exec_query.go internal/ethereum/ethereum.go internal/ethereum/send_transaction.go internal/ethereum/ethereum_test.go internal/ethereum/prepare_transaction.go
# environment
MAKELEVEL := 0
# environment
GPG_TTY = not a tty
# environment
LANG = C
# environment
VSCODE_PID = 610
# variable set hash-table stats:
# Load=86/1024=8%, Rehash=0, Collisions=2/129=2%

# Pattern-specific Variable Values

# No pattern-specific variable values.

# Directories

# . (device 16777234, inode 18835567): 31 files, no impossibilities.

# 31 files, no impossibilities in 1 directories.

# Implicit Rules

# No implicit rules.

# Files

# Not a target:
internal/msgs/en_error_messges.go:
#  Implicit rule search has been done.
#  Last modified 2022-06-29 19:44:45
#  File has been updated.
#  Successfully updated.
# variable set hash-table stats:
# Load=0/32=0%, Rehash=0, Collisions=0/0=0%

/Users/pbroadhurst/go/bin/golangci-lint:
#  Implicit rule search has not been done.
#  Modification time never checked.
#  File has not been updated.
#  commands to execute (from `Makefile', line 24):
	$(VGO) install github.com/golangci/golangci-lint/cmd/golangci-lint@latest
	

# Not a target:
cmd/config_docs_generate_test.go:
#  Implicit rule search has been done.
#  Last modified 2022-05-24 22:56:30
#  File has been updated.
#  Successfully updated.
# variable set hash-table stats:
# Load=0/32=0%, Rehash=0, Collisions=0/0=0%

# Not a target:
internal/ethereum/get_receipt.go:
#  Implicit rule search has been done.
#  Last modified 2022-06-27 12:35:35
#  File has been updated.
#  Successfully updated.
# variable set hash-table stats:
# Load=0/32=0%, Rehash=0, Collisions=0/0=0%

reference:
#  Implicit rule search has not been done.
#  Modification time never checked.
#  File has not been updated.
#  commands to execute (from `Makefile', line 46):
	$(VGO) test ./cmd -timeout=10s -tags docs
	

# Not a target:
internal/ethereum/prepare_transaction.go:
#  Implicit rule search has been done.
#  Last modified 2022-06-19 14:02:46
#  File has been updated.
#  Successfully updated.
# variable set hash-table stats:
# Load=0/32=0%, Rehash=0, Collisions=0/0=0%

# Not a target:
internal/ethereum/get_next_nonce_test.go:
#  Implicit rule search has been done.
#  Last modified 2022-06-20 11:47:08
#  File has been updated.
#  Successfully updated.
# variable set hash-table stats:
# Load=0/32=0%, Rehash=0, Collisions=0/0=0%

all: build test go-mod-tidy
#  Command-line target.
#  Implicit rule search has been done.
#  File does not exist.
#  File has been updated.
#  Needs to be updated (-q is set).
# variable set hash-table stats:
# Load=0/32=0%, Rehash=0, Collisions=0/4=0%

# Not a target:
internal/ethereum/error_mapping.go:
#  Implicit rule search has been done.
#  Last modified 2022-06-20 11:55:36
 
#  File has been updated.
#  Successfully updated.
# variable set hash-table stats:
# Load=0/32=0%, Rehash=0, Collisions=0/0=0%

# Not a target:
internal/ethereum/send_transaction_test.go:
#  Implicit rule search has been done.
#  Last modified 2022-06-20 11:51:33
#  File has been updated.
#  Successfully updated.
# variable set hash-table stats:
# Load=0/32=0%, Rehash=0, Collisions=0/0=0%

# Not a target:
internal/ethereum/get_gas_price.go:
#  Implicit rule search has been done.
#  Last modified 2022-06-19 13:58:22
#  File has been updated.
#  Successfully updated.
# variable set hash-table stats:
# Load=0/32=0%, Rehash=0, Collisions=0/0=0%

go-mod-tidy: .ALWAYS
#  Implicit rule search has not been done.
#  Modification time never checked.
#  File has not been updated.
#  commands to execute (from `Makefile', line 38):
	$(VGO) mod tidy
	

# Not a target:
internal/ethereum/get_block_info_test.go:
#  Implicit rule search has been done.
#  Last modified 2022-06-20 11:54:39
#  File has been updated.
#  Successfully updated.
# variable set hash-table stats:
# Load=0/32=0%, Rehash=0, Collisions=0/0=0%

deps:
#  Implicit rule search has not been done.
#  Modification time never checked.
#  File has not been updated.
#  commands to execute (from `Makefile', line 44):
	$(VGO) get ./evmconnect
	

# Not a target:
internal/jsonrpc/rpc.go:
#  Implicit rule search has been done.
#  Last modified 2022-05-24 22:56:30
#  File has been updated.
#  Successfully updated.
# variable set hash-table stats:
# Load=0/32=0%, Rehash=0, Collisions=0/0=0%

# Not a target:
internal/ethereum/exec_query.go:
#  Implicit rule search has been done.
#  Last modified 2022-06-29 15:31:47
#  File has been updated.
#  Successfully updated.
# variable set hash-table stats:
# Load=0/32=0%, Rehash=0, Collisions=0/0=0%

# Not a target:
.SUFFIXES:
#  Implicit rule search has not been done.
#  Modification time never checked.
#  File has not been updated.

# Not a target:
Makefile:
#  Implicit rule search has been done.
#  Last modified 2022-06-20 11:57:16
#  File has been updated.
#  Successfully updated.
# variable set hash-table stats:
# Load=0/32=0%, Rehash=0, Collisions=0/0=0%

# Not a target:
internal/ethereum/events.go:
#  Implicit rule search has been done.
#  Last modified 2022-06-29 22:59:24
#  File has been updated.
#  Successfully updated.
# variable set hash-table stats:
# Load=0/32=0%, Rehash=0, Collisions=0/0=0%

test: deps lint
#  Implicit rule search has not been done.
#  Modification time never checked.
#  File has not been updated.
#  commands to execute (from `Makefile', line 15):
	$(VGO) test ./internal/... ./cmd/... -cover -coverprofile=coverage.txt -covermode=atomic -timeout=30s
	

# Not a target:
internal/ethereum/ethereum_test.go:
#  Implicit rule search has been done.
#  Last modified 2022-06-20 11:56:27
#  File has been updated.
#  Successfully updated.
# variable set hash-table stats:
# Load=0/32=0%, Rehash=0, Collisions=0/0=0%

build: firefly-evmconnect
#  Implicit rule search has been done.
#  File does not exist.
#  File has been updated.
#  Needs to be updated (-q is set).
# variable set hash-table stats:
# Load=0/32=0%, Rehash=0, Collisions=0/4=0%

# Not a target:
internal/ethereum/get_next_nonce.go:
#  Implicit rule search has been done.
#  Last modified 2022-06-19 13:59:09
#  File has been updated.
#  Successfully updated.
# variable set hash-table stats:
# Load=0/32=0%, Rehash=0, Collisions=0/0=0%

# Not a target:
internal/msgs/en_config_descriptions.go:
#  Implicit rule search has been done.
#  Last modified 2022-06-20 12:52:06
#  File has been updated.
#  Successfully updated.
# variable set hash-table stats:
# Load=0/32=0%, Rehash=0, Collisions=0/0=0%

# Not a target:
internal/ethereum/send_transaction.go:
#  Implicit rule search has been done.
#  Last modified 2022-06-19 14:03:34
#  File has been updated.
#  Successfully updated.
# variable set hash-table stats:
# Load=0/32=0%, Rehash=0, Collisions=0/0=0%

# Not a target:
internal/ethereum/estimate_gas.go:
#  Implicit rule search has been done.
#  Last modified 2022-06-19 14:03:52
#  File has been updated.
#  Successfully updated.
# variable set hash-table stats:
# Load=0/32=0%, Rehash=0, Collisions=0/0=0%

# Not a target:
internal/ethereum/get_block_info.go:
#  Implicit rule search has been done.
#  Last modified 2022-06-26 13:33:49
#  File has been updated.
#  Successfully updated.
# variable set hash-table stats:
# Load=0/32=0%, Rehash=0, Collisions=0/0=0%

# Not a target:
internal/ethereum/config.go:
#  Implicit rule search has been done.
#  Last modified 2022-06-29 22:01:25
#  File has been updated.
#  Successfully updated.
# variable set hash-table stats:
# Load=0/32=0%, Rehash=0, Collisions=0/0=0%

# Not a target:
.DEFAULT:
#  Implicit rule search has not been done.
#  Modification time never checked.
#  File has not been updated.

# Not a target:
cmd/config_test.go:
#  Implicit rule search has been done.
#  Last modified 2022-05-24 22:56:30
#  File has been updated.
#  Successfully updated.
# variable set hash-table stats:
# Load=0/32=0%, Rehash=0, Collisions=0/0=0%

# Not a target:
internal/ethereum/ethereum.go:
#  Implicit rule search has been done.
#  Last modified 2022-06-29 22:06:22
#  File has been updated.
#  Successfully updated.
# variable set hash-table stats:
# Load=0/32=0%, Rehash=0, Collisions=0/0=0%

# Not a target:
cmd/evmconnect_test.go:
#  Implicit rule search has been done.
#  Last modified 2022-06-20 13:54:50
#  File has been updated.
#  Successfully updated.
# variable set hash-table stats:
# Load=0/32=0%, Rehash=0, Collisions=0/0=0%

# Not a target:
cmd/version_test.go:
#  Implicit rule search has been done.
#  Last modified 2022-05-24 22:56:30
#  File has been updated.
#  Successfully updated.
# variable set hash-table stats:
# Load=0/32=0%, Rehash=0, Collisions=0/0=0%

clean:
#  Implicit rule search has not been done.
#  Modification time never checked.
#  File has not been updated.
#  commands to execute (from `Makefile', line 42):
	$(VGO) clean
	

coverage: test coverage.html
#  Implicit rule search has not been done.
#  Modification time never checked.
#  File has not been updated.

.ALWAYS:
#  Implicit rule search has not been done.
#  Modification time never checked.
#  File has not been updated.
#  commands to execute (from `Makefile', line 40):
	

docker:
#  Implicit rule search has not been done.
#  Modification time never checked.
#  File has not been updated.
#  commands to execute (from `Makefile', line 48):
	docker build --build-arg BUILD_VERSION=${BUILD_VERSION} ${DOCKER_ARGS} -t hyperledger/firefly-evmconnect .
	

firefly-evmconnect: cmd/config.go cmd/version.go cmd/evmconnect.go cmd/config_docs_generate_test.go cmd/evmconnect_test.go cmd/version_test.go cmd/config_test.go cmd/config_docs_test.go internal/jsonrpc/rpc.go internal/msgs/en_error_messges.go internal/msgs/en_config_descriptions.go internal/ethereum/get_next_nonce_test.go internal/ethereum/error_mapping.go internal/ethereum/config.go internal/ethereum/get_gas_price_test.go internal/ethereum/get_receipt.go internal/ethereum/estimate_gas.go internal/ethereum/get_next_nonce.go internal/ethereum/get_block_info_test.go internal/ethereum/send_transaction_test.go internal/ethereum/get_receipt_test.go internal/ethereum/events.go internal/ethereum/get_block_info.go internal/ethereum/prepare_transaction_test.go internal/ethereum/get_gas_price.go internal/ethereum/exec_query_test.go internal/ethereum/exec_query.go internal/ethereum/ethereum.go internal/ethereum/send_transaction.go internal/ethereum/ethereum_test.go internal/ethereum/prepare_transaction.go
#  Implicit rule search has not been done.
#  Implicit/static pattern stem: `'
#  Last modified 2022-06-20 13:55:12
#  File has been updated.
#  Needs to be updated (-q is set).
# automatic
# @ := firefly-evmconnect
# automatic
# % := 
# automatic
# * := 
# automatic
 
# + := cmd/config.go cmd/version.go cmd/evmconnect.go cmd/config_docs_generate_test.go cmd/evmconnect_test.go cmd/version_test.go cmd/config_test.go cmd/config_docs_test.go internal/jsonrpc/rpc.go internal/msgs/en_error_messges.go internal/msgs/en_config_descriptions.go internal/ethereum/get_next_nonce_test.go internal/ethereum/error_mapping.go internal/ethereum/config.go internal/ethereum/get_gas_price_test.go internal/ethereum/get_receipt.go internal/ethereum/estimate_gas.go internal/ethereum/get_next_nonce.go internal/ethereum/get_block_info_test.go internal/ethereum/send_transaction_test.go internal/ethereum/get_receipt_test.go internal/ethereum/events.go internal/ethereum/get_block_info.go internal/ethereum/prepare_transaction_test.go internal/ethereum/get_gas_price.go internal/ethereum/exec_query_test.go internal/ethereum/exec_query.go internal/ethereum/ethereum.go internal/ethereum/send_transaction.go internal/ethereum/ethereum_test.go internal/ethereum/prepare_transaction.go
# automatic
# | := 
# automatic
# < := cmd/config.go
# automatic
# ^ := cmd/config.go cmd/version.go cmd/evmconnect.go cmd/config_docs_generate_test.go cmd/evmconnect_test.go cmd/version_test.go cmd/config_test.go cmd/config_docs_test.go internal/jsonrpc/rpc.go internal/msgs/en_error_messges.go internal/msgs/en_config_descriptions.go internal/ethereum/get_next_nonce_test.go internal/ethereum/error_mapping.go internal/ethereum/config.go internal/ethereum/get_gas_price_test.go internal/ethereum/get_receipt.go internal/ethereum/estimate_gas.go internal/ethereum/get_next_nonce.go internal/ethereum/get_block_info_test.go internal/ethereum/send_transaction_test.go internal/ethereum/get_receipt_test.go internal/ethereum/events.go internal/ethereum/get_block_info.go internal/ethereum/prepare_transaction_test.go internal/ethereum/get_gas_price.go internal/ethereum/exec_query_test.go internal/ethereum/exec_query.go internal/ethereum/ethereum.go internal/ethereum/send_transaction.go internal/ethereum/ethereum_test.go internal/ethereum/prepare_transaction.go
# automatic
# ? := internal/msgs/en_error_messges.go internal/ethereum/config.go internal/ethereum/get_receipt.go internal/ethereum/events.go internal/ethereum/get_block_info.go internal/ethereum/exec_query.go internal/ethereum/ethereum.go
# variable set hash-table stats:
# Load=8/32=25%, Rehash=0, Collisions=1/12=8%
#  commands to execute (from `Makefile', line 36):
	$(VGO) build -o ./firefly-evmconnect -ldflags "-X main.buildDate=`date -u +\"%Y-%m-%dT%H:%M:%SZ\"` -X main.buildVersion=$(BUILD_VERSION)" -tags=prod -tags=prod -v ./evmconnect 
	

# Not a target:
cmd/config_docs_test.go:
#  Implicit rule search has been done.
#  Last modified 2022-05-24 22:56:30
#  File has been updated.
#  Successfully updated.
# variable set hash-table stats:
# Load=0/32=0%, Rehash=0, Collisions=0/0=0%

# Not a target:
internal/ethereum/get_receipt_test.go:
#  Implicit rule search has been done.
#  Last modified 2022-06-20 11:47:45
#  File has been updated.
#  Successfully updated.
# variable set hash-table stats:
# Load=0/32=0%, Rehash=0, Collisions=0/0=0%

# Not a target:
internal/ethereum/prepare_transaction_test.go:
#  Implicit rule search has been done.
#  Last modified 2022-06-20 11:49:41
#  File has been updated.
#  Successfully updated.
# variable set hash-table stats:
# Load=0/32=0%, Rehash=0, Collisions=0/0=0%

/Users/pbroadhurst/go/bin/mockery:
#  Implicit rule search has not been done.
#  Modification time never checked.
#  File has not been updated.
#  commands to execute (from `Makefile', line 22):
	$(VGO) install github.com/vektra/mockery/cmd/mockery@latest
	

mocks: mocks-internal/jsonrpc-Client
#  Implicit rule search has not been done.
#  Modification time never checked.
#  File has not been updated.

coverage.html:
#  Implicit rule search has not been done.
#  Modification time never checked.
#  File has not been updated.
#  commands to execute (from `Makefile', line 17):
	$(VGO) tool cover -html=coverage.txt
	

lint: /Users/pbroadhurst/go/bin/golangci-lint
#  Implicit rule search has not been done.
#  Modification time never checked.
#  File has not been updated.
#  commands to execute (from `Makefile', line 20):
	GOGC=20 $(LINT) run -v --timeout 5m
	

mocks-internal/jsonrpc-Client: /Users/pbroadhurst/go/bin/mockery
#  Implicit rule search has not been done.
#  Modification time never checked.
#  File has not been updated.
#  commands to execute (from `Makefile', line 33):
	/Users/pbroadhurst/go/bin/mockery --case underscore --dir  internal/jsonrpc --name      Client --outpkg     jsonrpcmocks --output mocks/jsonrpcmocks
	

# Not a target:
internal/ethereum/get_gas_price_test.go:
#  Implicit rule search has been done.
#  Last modified 2022-06-20 11:45:16
#  File has been updated.
#  Successfully updated.
# variable set hash-table stats:
# Load=0/32=0%, Rehash=0, Collisions=0/0=0%

.DELETE_ON_ERROR:
#  Implicit rule search has not been done.
#  Modification time never checked.
#  File has not been updated.

# Not a target:
cmd/config.go:
#  Implicit rule search has been done.
#  Last modified 2022-06-20 12:33:13
#  File has been updated.
#  Successfully updated.
# variable set hash-table stats:
# Load=0/32=0%, Rehash=0, Collisions=0/0=0%

# Not a target:
internal/ethereum/exec_query_test.go:
#  Implicit rule search has been done.
#  Last modified 2022-06-20 11:42:17
#  File has been updated.
#  Successfully updated.
# variable set hash-table stats:
# Load=0/32=0%, Rehash=0, Collisions=0/0=0%

# Not a target:
cmd/evmconnect.go:
#  Implicit rule search has been done.
#  Last modified 2022-06-20 13:44:20
#  File has been updated.
#  Successfully updated.
# variable set hash-table stats:
# Load=0/32=0%, Rehash=0, Collisions=0/0=0%

# Not a target:
cmd/version.go:
#  Implicit rule search has been done.
#  Last modified 2022-05-24 22:56:30
#  File has been updated.
#  Successfully updated.
# variable set hash-table stats:
# Load=0/32=0%, Rehash=0, Collisions=0/0=0%

# files hash-table stats:
# Load=52/1024=5%, Rehash=0, Collisions=2/109=2%
# VPATH Search Paths

# No `vpath' search paths.

# No general (`VPATH' variable) search path.

# # of strings in strcache: 1
# # of strcache buffers: 1
# strcache size: total = 4096 / max = 4096 / min = 4096 / avg = 4096
# strcache free: total = 4087 / max = 4087 / min = 4087 / avg = 4087

# Finished Make data base on Thu Jun 30 12:00:31 2022

 
